0 info it worked if it ends with ok
1 verbose cli [ '/usr/bin/nodejs',
1 verbose cli   '/usr/bin/npm',
1 verbose cli   'config',
1 verbose cli   'set',
1 verbose cli   'python',
1 verbose cli   '/usr/bin/python2',
1 verbose cli   '-g' ]
2 info using npm@1.3.10
3 info using node@v0.10.25
4 info config set "python" "/usr/bin/python2"
5 error Error: EACCES, open '/etc/npmrc'
5 error  { [Error: EACCES, open '/etc/npmrc'] errno: 3, code: 'EACCES', path: '/etc/npmrc' }
6 error Please try running this command again as root/Administrator.
7 error System Linux 3.13.0-24-generic
8 error command "/usr/bin/nodejs" "/usr/bin/npm" "config" "set" "python" "/usr/bin/python2" "-g"
9 error cwd /home/jtorres/Escritorio/Desarrollo/proyectoansa
10 error node -v v0.10.25
11 error npm -v 1.3.10
12 error path /etc/npmrc
13 error code EACCES
14 error errno 3
15 error stack Error: EACCES, open '/etc/npmrc'
16 verbose exit [ 3, true ]
